2025-02-17 10:19:51,572 - INFO - Initializing telemetry tracing...
2025-02-17 10:19:51,573 - INFO - Telemetry tracing enabled.
2025-02-17 10:19:51,616 - INFO - [31m[1mWARNING: This is a development server. Do not use it in a production deployment. Use a production WSGI server instead.[0m
 * Running on http://127.0.0.1:5000
2025-02-17 10:19:51,616 - INFO - [33mPress CTRL+C to quit[0m
2025-02-17 10:19:51,616 - INFO -  * Restarting with stat
2025-02-17 10:19:51,692 - INFO - Initializing telemetry tracing...
2025-02-17 10:19:51,692 - INFO - Telemetry tracing enabled.
2025-02-17 10:19:51,719 - WARNING -  * Debugger is active!
2025-02-17 10:19:51,727 - INFO -  * Debugger PIN: 688-214-773
2025-02-17 10:20:10,285 - INFO - 127.0.0.1 - - [17/Feb/2025 10:20:10] "[31m[1mPOST /employees HTTP/1.1[0m" 405 -
2025-02-17 10:21:03,681 - INFO - 127.0.0.1 - - [17/Feb/2025 10:21:03] "[35m[1mPOST /create-employee/ HTTP/1.1[0m" 201 -
2025-02-17 10:22:20,062 - INFO -  * Detected change in '/Users/sreenath/concert/temp/crud_project/telemetry_agent.py', reloading
2025-02-17 10:22:20,115 - INFO -  * Restarting with stat
2025-02-17 10:22:20,221 - INFO - Initializing telemetry tracing...
2025-02-17 10:22:20,221 - INFO - Telemetry tracing enabled.
2025-02-17 10:22:20,221 - DEBUG - Captured stack trace: [{'file': '/Users/sreenath/concert/temp/crud_project/app.py', 'lineno': 13, 'function': '<module>', 'code': 'create_tables(cursor, connector)'}, {'file': '/Users/sreenath/concert/temp/crud_project/db/initialize.py', 'lineno': 29, 'function': 'create_tables', 'code': 'def create_tables(cursor, connector):'}]
2025-02-17 10:22:20,221 - DEBUG - Captured stack trace: [{'file': '/Users/sreenath/concert/temp/crud_project/app.py', 'lineno': 13, 'function': '<module>', 'code': 'create_tables(cursor, connector)'}, {'file': '/Users/sreenath/concert/temp/crud_project/db/initialize.py', 'lineno': 29, 'function': 'create_tables', 'code': 'def create_tables(cursor, connector):'}]
2025-02-17 10:22:20,221 - WARNING - Telemetry file issue: [Errno 2] No such file or directory: 'telemetry.json', starting with an empty list.
2025-02-17 10:22:20,222 - DEBUG - Captured stack trace: [{'file': '/Users/sreenath/concert/temp/crud_project/app.py', 'lineno': 16, 'function': '<module>', 'code': "app.add_url_rule('/employees/<int:employee_id>', view_func=get_employee_route(cursor), strict_slashes=False)"}, {'file': '/Users/sreenath/concert/temp/crud_project/routes/get_employee.py', 'lineno': 3, 'function': 'get_employee_route', 'code': 'def get_employee_route(cursor):'}]
2025-02-17 10:22:20,222 - DEBUG - Captured stack trace: [{'file': '/Users/sreenath/concert/temp/crud_project/app.py', 'lineno': 16, 'function': '<module>', 'code': "app.add_url_rule('/employees/<int:employee_id>', view_func=get_employee_route(cursor), strict_slashes=False)"}, {'file': '/Users/sreenath/concert/temp/crud_project/routes/get_employee.py', 'lineno': 3, 'function': 'get_employee_route', 'code': 'def get_employee_route(cursor):'}]
2025-02-17 10:22:20,223 - DEBUG - Captured stack trace: [{'file': '/Users/sreenath/concert/temp/crud_project/app.py', 'lineno': 17, 'function': '<module>', 'code': "app.add_url_rule('/create-employee', view_func=add_employee_route(cursor, connector),"}, {'file': '/Users/sreenath/concert/temp/crud_project/routes/add_employee.py', 'lineno': 3, 'function': 'add_employee_route', 'code': 'def add_employee_route(cursor, conn):'}]
2025-02-17 10:22:20,223 - DEBUG - Captured stack trace: [{'file': '/Users/sreenath/concert/temp/crud_project/app.py', 'lineno': 17, 'function': '<module>', 'code': "app.add_url_rule('/create-employee', view_func=add_employee_route(cursor, connector),"}, {'file': '/Users/sreenath/concert/temp/crud_project/routes/add_employee.py', 'lineno': 3, 'function': 'add_employee_route', 'code': 'def add_employee_route(cursor, conn):'}]
2025-02-17 10:22:20,224 - DEBUG - Captured stack trace: [{'file': '/Users/sreenath/concert/temp/crud_project/app.py', 'lineno': 19, 'function': '<module>', 'code': "app.add_url_rule('/employees', view_func=list_employees_route(cursor), methods=['GET'], strict_slashes=False)"}, {'file': '/Users/sreenath/concert/temp/crud_project/routes/list_employee.py', 'lineno': 3, 'function': 'list_employees_route', 'code': 'def list_employees_route(cursor):'}]
2025-02-17 10:22:20,225 - DEBUG - Captured stack trace: [{'file': '/Users/sreenath/concert/temp/crud_project/app.py', 'lineno': 19, 'function': '<module>', 'code': "app.add_url_rule('/employees', view_func=list_employees_route(cursor), methods=['GET'], strict_slashes=False)"}, {'file': '/Users/sreenath/concert/temp/crud_project/routes/list_employee.py', 'lineno': 3, 'function': 'list_employees_route', 'code': 'def list_employees_route(cursor):'}]
2025-02-17 10:22:20,247 - WARNING -  * Debugger is active!
2025-02-17 10:22:20,253 - INFO -  * Debugger PIN: 688-214-773
2025-02-17 10:22:41,156 - INFO - 127.0.0.1 - - [17/Feb/2025 10:22:41] "[35m[1mPOST /create-employee/ HTTP/1.1[0m" 201 -
